make all --print-data-base --no-builtin-variables --no-builtin-rules --question
# GNU Make 3.81
# Copyright (C) 2006  Free Software Foundation, Inc.
# This is free software; see the source for copying conditions.
# There is NO warranty; not even for MERCHANTABILITY or FITNESS FOR A
# PARTICULAR PURPOSE.

# This program built for i386-apple-darwin11.3.0
 

# Make data base, printed on Mon Aug  1 11:30:31 2022

# Variables

# automatic
<D = $(patsubst %/,%,$(dir $<))
# environment
RUBY_VERSION = 3.1.2
# automatic
?F = $(notdir $?)
# makefile (from `Makefile', line 58)
.SHELLFLAGS = -ec
# makefile (from `Makefile', line 175)
INFORMER_GEN = $(LOCALBIN)/informer-gen
# makefile (from `Makefile', line 181)
CONTROLLER_TOOLS_VERSION = v0.9.2
# automatic
?D = $(patsubst %/,%,$(dir $?))
# automatic
@D = $(patsubst %/,%,$(dir $@))
# automatic
@F = $(notdir $@)
# makefile
CURDIR := /Users/i566483/Documents/api-gateway
# makefile (from `Makefile', line 57)
SHELL = /usr/bin/env bash -o pipefail
# environment
VSCODE_NLS_CONFIG = {"locale":"en-gb","availableLanguages":{},"_languagePackSupport":true}
# environment
_ = /usr/bin/make
# makefile (from `Makefile', line 166)
LOCALBIN = $(shell pwd)/bin
# makefile (from `Makefile', line 1)
MAKEFILE_LIST :=  Makefile
# makefile (from `Makefile', line 62)
GO111MODULE = on
# environment
 
VSCODE_AMD_ENTRYPOINT = vs/workbench/api/node/extensionHostProcess
# environment
__CFBundleIdentifier = com.microsoft.VSCode
# `override' directive (from `Makefile', line 18)
JWKS_URI = change-me
# environment
VSCODE_CWD = /
# environment
GOPROXY = https://proxy.golang.org,direct
# environment
PATH = /Users/i566483/.gem/ruby/3.1.2/bin:/Users/i566483/.rubies/ruby-3.1.2/lib/ruby/gems/3.1.0/bin:/Users/i566483/.rubies/ruby-3.1.2/bin:/Users/i566483/google-cloud-sdk/bin:/usr/local/bin:/usr/bin:/bin:/usr/sbin:/sbin:/usr/local/go/bin:/Applications/Privileges.app/Contents/Resources:/Users/i566483/go/bin:/Users/i566483/Library/Python/3.8/bin/
# makefile (from `Makefile', line 184)
KUSTOMIZE_INSTALL_SCRIPT = "https://raw.githubusercontent.com/kubernetes-sigs/kustomize/master/hack/install_kustomize.sh"
# environment
LSCOLORS = Gxfxcxdxbxegedabagacad
# `override' directive (from `Makefile', line 41)
CORS_ALLOW_HEADERS = Authorization,Content-Type,*
# environment
RUBYOPT = 
# environment
GOPATH = /Users/i566483/go
# environment
LaunchInstanceID = 909ED207-55F6-41B5-BBA7-B1FF26ABEB1D
# `override' directive (from `Makefile', line 37)
CORS_ALLOW_METHODS = GET,POST,PUT,DELETE
# environment
ELECTRON_RUN_AS_NODE = 1
# default
.FEATURES := target-specific order-only second-expansion else-if archives jobserver check-symlink
# makefile (from `Makefile', line 3)
TAG = $(DOCKER_TAG)
# makefile (from `Makefile', line 172)
CONTROLLER_GEN = $(LOCALBIN)/controller-gen
# environment
SSH_AUTH_SOCK = /private/tmp/com.apple.launchd.gpUenXqVKg/Listeners
# automatic
%F = $(notdir $%)
# makefile (from `Makefile', line 49)
GOBIN = $(shell go env GOPATH)/bin
# environment
PWD = /Users/i566483/Documents/api-gateway
# makefile (from `Makefile', line 177)
GOLANG_CI_LINT = $(LOCALBIN)/golangci-lint
# environment
GEM_HOME = /Users/i566483/.gem/ruby/3.1.2
# environment
ORIGINAL_XDG_CURRENT_DESKTOP = undefined
# `override' directive (from `Makefile', line 8)
OATHKEEPER_SVC_ADDRESS = change-me
# makefile (from `Makefile', line 182)
GOLANG_CI_LINT_VERSION = v1.46.2
# environment
GOMODCACHE = /Users/i566483/go/pkg/mod
# environment
HOME = /Users/i566483
# default
MAKEFILEPATH = $(shell /usr/bin/xcode-select -print-path 2>/dev/null || echo /Developer)/Makefiles
# environment
VSCODE_CODE_CACHE_PATH = /Users/i566483/Library/Application Support/Code/CachedData/3b889b090b5ad5793f524b5d1d39fda662b96a2a
# environment
LOGNAME = i566483
# environment
APPLICATION_INSIGHTS_NO_DIAGNOSTIC_CHANNEL = true
# environment
ZSH = /Users/i566483/.oh-my-zsh
# environment
VSCODE_HANDLES_UNCAUGHT_ERRORS = true
# automatic
^D = $(patsubst %/,%,$(dir $^))
# environment
GEM_PATH = /Users/i566483/.gem/ruby/3.1.2:/Users/i566483/.rubies/ruby-3.1.2/lib/ruby/gems/3.1.0
# environment
XPC_FLAGS = 0x0
# makefile (from `Makefile', line 4)
CRD_OPTIONS = "crd:trivialVersions=true,crdVersions=v1"
# default
MAKE = $(MAKE_COMMAND)
# default
MAKECMDGOALS := all
# environment
SHLVL = 1
# environment
RUBY_ROOT = /Users/i566483/.rubies/ruby-3.1.2
# `override' directive (from `Makefile', line 23)
SERVICE_BLOCKLIST = kubernetes.default,kube-dns.kube-system
# default
MAKE_VERSION := 3.81
# environment
USER = i566483
# makefile
.DEFAULT_GOAL := all
# environment
RUBY_ENGINE = ruby
# `override' directive (from `Makefile', line 33)
CORS_ALLOW_ORIGINS = regex:.*
# environment
LESS = -R
# automatic
%D = $(patsubst %/,%,$(dir $%))
# `override' directive (from `Makefile', line 28)
DOMAIN_ALLOWLIST = change-me
# makefile (from `Makefile', line 174)
CLIENT_GEN = $(LOCALBIN)/client-gen
# default
MAKE_COMMAND := /Library/Developer/CommandLineTools/usr/bin/make
# makefile (from `Makefile', line 171)
KUSTOMIZE = $(LOCALBIN)/kustomize
# default
.VARIABLES := 
# environment
TMPDIR = /var/folders/sc/dj9949995tl2gvfht_gc4ct00000gn/T/
# automatic
*F = $(notdir $*)
# makefile (from `Makefile', line 2)
IMG = $(DOCKER_PUSH_REPOSITORY)$(DOCKER_PUSH_DIRECTORY)/$(APP_NAME)
# environment
VSCODE_IPC_HOOK = /Users/i566483/Library/Application Support/Code/1.69.2-main.sock
# environment
MallocNanoZone = 0
# makefile
MAKEFLAGS = Rrqp
# environment
MFLAGS = -Rrqp
# automatic
*D = $(patsubst %/,%,$(dir $*))
# makefile (from `Makefile', line 180)
KUSTOMIZE_VERSION = v3.8.7
# environment
XPC_SERVICE_NAME = application.com.microsoft.VSCode.15245815.15245821
# automatic
+D = $(patsubst %/,%,$(dir $+))
# automatic
+F = $(notdir $+)
# makefile (from `Makefile', line 173)
ENVTEST = $(LOCALBIN)/setup-envtest
# makefile (from `Makefile', line 1)
APP_NAME = api-gateway-controller
# environment
__CF_USER_TEXT_ENCODING = 0x1F5:0x0:0x0
# environment
COMMAND_MODE = unix2003
# default
MAKEFILES := 
# automatic
<F = $(notdir $<)
# environment
PAGER = less
# environment
LC_ALL = C
# `override' directive (from `Makefile', line 13)
OATHKEEPER_SVC_PORT = change-me
# environment
SECURITYSESSIONID = 186a4
# automatic
^F = $(notdir $^)
# default
SUFFIXES := 
# environment
GEM_ROOT = /Users/i566483/.rubies/ruby-3.1.2/lib/ruby/gems/3.1.0
# default
.INCLUDE_DIRS = /usr/local/include
# makefile (from `Makefile', line 176)
LISTER_GEN = $(LOCALBIN)/lister-gen
# environment
MAKELEVEL := 0
# makefile (from `Makefile', line 141)
ignore-not-found = false
# environment
LANG = C
# makefile (from `Makefile', line 45)
ENVTEST_K8S_VERSION = 1.24.1
# environment
VSCODE_PID = 2390
# variable set hash-table stats:
# Load=103/1024=10%, Rehash=0, Collisions=7/193=4%

# Pattern-specific Variable Values

# No pattern-specific variable values.

# Directories

# . (device 16777220, inode 14813109): 26 files, no impossibilities.

# 26 files, no impossibilities in 1 directories.

# Implicit Rules

# No implicit rules.

# Files

envtest: /Users/i566483/Documents/api-gateway/bin/setup-envtest
#  Phony target (prerequisite of .PHONY).
#  Implicit rule search has not been done.
#  File does not exist.
#  File has not been updated.

informer-gen:
#  Phony target (prerequisite of .PHONY).
#  Implicit rule search has not been done.
#  File does not exist.
#  File has not been updated.
#  commands to execute (from `Makefile', line 207):
	GOBIN=$(LOCALBIN) go install k8s.io/code-generator/cmd/informer-gen@v0.23.4
	

ci-release: build docker-build docker-push
#  Phony target (prerequisite of .PHONY).
#  Implicit rule search has not been done.
#  File does not exist.
#  File has not been updated.

ci-pr: build test docker-build docker-push
#  Phony target (prerequisite of .PHONY).
#  Implicit rule search has not been done.
#  File does not exist.
#  File has not been updated.

all: build
#  Phony target (prerequisite of .PHONY).
#  Command-line target.
#  Implicit rule search has not been done.
#  File does not exist.
#  File has been updated.
#  Needs to be updated (-q is set).
# variable set hash-table stats:
# Load=0/32=0%, Rehash=0, Collisions=0/6=0%

docker-build: pull-licenses test
#  Phony target (prerequisite of .PHONY).
#  Implicit rule search has not been done.
#  File does not exist.
#  File has not been updated.
#  commands to execute (from `Makefile', line 117):
	docker build -t $(APP_NAME):latest .
	

.PHONY: all help manifests generate vet test build run docker-build docker-push pull-licenses install uninstall deploy undeploy kustomize controller-gen envtest client-gen informer-gen lister-gen fmt lint ci-pr ci-main ci-release clean samples samples-valid samples-invalid
#  Implicit rule search has not been done.
#  Modification time never checked.
#  File has not been updated.

# Not a target:
.SUFFIXES:
#  Implicit rule search has not been done.
#  Modification time never checked.
#  File has not been updated.

uninstall: manifests kustomize
#  Phony target (prerequisite of .PHONY).
#  Implicit rule search has not been done.
#  File does not exist.
#  File has not been updated.
#  commands to execute (from `Makefile', line 153):
	$(KUSTOMIZE) build config/crd | kubectl delete --ignore-not-found=$(ignore-not-found) -f -
	

samples-valid: samples-clean
#  Phony target (prerequisite of .PHONY).
#  Implicit rule search has not been done.
#  File does not exist.
#  File has not been updated.
 
#  commands to execute (from `Makefile', line 267):
	kubectl apply -f config/samples/valid.yaml
	

# Not a target:
Makefile:
#  Implicit rule search has been done.
#  Last modified 2022-07-21 10:03:56
#  File has been updated.
#  Successfully updated.
# variable set hash-table stats:
# Load=0/32=0%, Rehash=0, Collisions=0/0=0%

/Users/i566483/Documents/api-gateway/bin:
#  Implicit rule search has not been done.
#  Last modified 2022-07-20 08:13:14
#  File has been updated.
#  Successfully updated.
#  commands to execute (from `Makefile', line 168):
	mkdir -p $(LOCALBIN)
	

.EXPORT_ALL_VARIABLES:
#  Implicit rule search has not been done.
#  Modification time never checked.
#  File has not been updated.

ci-main: build docker-build docker-push
#  Phony target (prerequisite of .PHONY).
#  Implicit rule search has not been done.
#  File does not exist.
#  File has not been updated.

test: manifests generate fmt vet envtest
#  Phony target (prerequisite of .PHONY).
#  Implicit rule search has not been done.
#  File does not exist.
#  File has not been updated.
#  commands to execute (from `Makefile', line 102):
	KUBEBUILDER_ASSETS="$(shell $(ENVTEST) use $(ENVTEST_K8S_VERSION) -p path)" go test ./... -coverprofile cover.out
	

patch-gen:
#  Implicit rule search has not been done.
#  Modification time never checked.
#  File has not been updated.
#  commands to execute (from `Makefile', line 238):
	@cat config/default/manager_args_patch.yaml.tmpl |\
	sed -e 's|OATHKEEPER_SVC_ADDRESS|${OATHKEEPER_SVC_ADDRESS}|g' |\
	sed -e 's|OATHKEEPER_SVC_PORT|${OATHKEEPER_SVC_PORT}|g' |\
	sed -e 's|SERVICE_BLOCKLIST|${SERVICE_BLOCKLIST}|g' |\
	sed -e 's|DOMAIN_ALLOWLIST|${DOMAIN_ALLOWLIST}|g' |\
	sed -e 's|JWKS_URI|${JWKS_URI}|g' |\
	sed -e 's|CORS_ALLOW_ORIGINS|${CORS_ALLOW_ORIGINS}|g' |\
	sed -e 's|CORS_ALLOW_METHODS|${CORS_ALLOW_METHODS}|g' |\
	sed -e 's|CORS_ALLOW_HEADERS|${CORS_ALLOW_HEADERS}|g' > config/default/manager_args_patch.yaml
	

build: generate fmt vet
#  Phony target (prerequisite of .PHONY).
#  Implicit rule search has not been done.
#  File does not exist.
#  File has been updated.
#  Needs to be updated (-q is set).
# variable set hash-table stats:
# Load=0/32=0%, Rehash=0, Collisions=0/6=0%
#  commands to execute (from `Makefile', line 109):
	go build -o bin/manager main.go
	

vet:
#  Phony target (prerequisite of .PHONY).
#  Implicit rule search has not been done.
#  File does not exist.
#  File has not been updated.
#  commands to execute (from `Makefile', line 98):
	go vet ./...
	

/Users/i566483/Documents/api-gateway/bin/controller-gen: /Users/i566483/Documents/api-gateway/bin
#  Implicit rule search has not been done.
#  Last modified 2022-07-20 08:15:43
#  File has been updated.
#  Successfully updated.
#  commands to execute (from `Makefile', line 194):
	GOBIN=$(LOCALBIN) go install sigs.k8s.io/controller-tools/cmd/controller-gen@$(CONTROLLER_TOOLS_VERSION)
	

static: manifests patch-gen
#  Implicit rule search has not been done.
#  Modification time never checked.
#  File has not been updated.
#  commands to execute (from `Makefile', line 250):
	kustomize build config/released -o install/k8s
	

help:
#  Phony target (prerequisite of .PHONY).
#  Implicit rule search has not been done.
#  File does not exist.
#  File has not been updated.
#  commands to execute (from `Makefile', line 82):
	@awk 'BEGIN {FS = ":.*##"; printf "\nUsage:\n  make \033[36m<target>\033[0m\n"} /^[a-zA-Z_0-9-]+:.*?##/ { printf "  \033[36m%-15s\033[0m %s\n", $$1, $$2 } /^##@/ { printf "\n\033[1m%s\033[0m\n", substr($$0, 5) } ' $(MAKEFILE_LIST)
	

kustomize: /Users/i566483/Documents/api-gateway/bin/kustomize
#  Phony target (prerequisite of .PHONY).
#  Implicit rule search has not been done.
#  File does not exist.
#  File has not been updated.

generate: controller-gen
#  Phony target (prerequisite of .PHONY).
#  Implicit rule search has not been done.
#  Implicit/static pattern stem: `'
#  File does not exist.
#  File has been updated.
#  Needs to be updated (-q is set).
# automatic
# @ := generate
# automatic
# % := 
# automatic
# * := 
# automatic
# + := controller-gen
# automatic
# | := 
# automatic
# < := controller-gen
# automatic
# ^ := controller-gen
# automatic
# ? := controller-gen
# variable set hash-table stats:
# Load=8/32=25%, Rehash=0, Collisions=2/14=14%
#  commands to execute (from `Makefile', line 94):
	$(CONTROLLER_GEN) object:headerFile=./hack/boilerplate.go.txt paths=./api/...
	

samples-clean:
#  Implicit rule search has not been done.
#  Modification time never checked.
#  File has not been updated.
#  commands to execute (from `Makefile', line 259):
	kubectl delete -f config/samples/valid.yaml --ignore-not-found=true
	kubectl delete -f config/samples/invalid.yaml --ignore-not-found=true
	

undeploy:
#  Phony target (prerequisite of .PHONY).
#  Implicit rule search has not been done.
#  File does not exist.
#  File has not been updated.
#  commands to execute (from `Makefile', line 162):
	$(KUSTOMIZE) build config/default | kubectl delete --ignore-not-found=$(ignore-not-found) -f -
	

manifests: controller-gen
#  Phony target (prerequisite of .PHONY).
#  Implicit rule search has not been done.
#  File does not exist.
#  File has not been updated.
#  commands to execute (from `Makefile', line 89):
	$(CONTROLLER_GEN) rbac:roleName=manager-role crd webhook paths="./..." output:crd:artifacts:config=config/crd/bases
	

lister-gen:
#  Phony target (prerequisite of .PHONY).
#  Implicit rule search has not been done.
#  File does not exist.
#  File has not been updated.
#  commands to execute (from `Makefile', line 211):
	GOBIN=$(LOCALBIN) go install k8s.io/code-generator/cmd/lister-gen@v0.23.4
	

# Not a target:
.DEFAULT:
#  Implicit rule search has not been done.
#  Modification time never checked.
#  File has not been updated.

samples: samples-valid
#  Phony target (prerequisite of .PHONY).
#  Implicit rule search has not been done.
#  File does not exist.
#  File has not been updated.

/Users/i566483/Documents/api-gateway/bin/kustomize: /Users/i566483/Documents/api-gateway/bin
#  Implicit rule search has not been done.
#  Modification time never checked.
#  File has not been updated.
#  commands to execute (from `Makefile', line 188):
	curl -s $(KUSTOMIZE_INSTALL_SCRIPT) | bash -s -- $(subst v,,$(KUSTOMIZE_VERSION)) $(LOCALBIN)
	

run: build
#  Phony target (prerequisite of .PHONY).
#  Implicit rule search has not been done.
#  File does not exist.
#  File has not been updated.
#  commands to execute (from `Makefile', line 113):
	go run . --oathkeeper-svc-address=${OATHKEEPER_SVC_ADDRESS} --oathkeeper-svc-port=${OATHKEEPER_SVC_PORT} --jwks-uri=${JWKS_URI} --service-blocklist=${SERVICE_BLOCKLIST} --domain-allowlist=${DOMAIN_ALLOWLIST}
	

clean:
#  Phony target (prerequisite of .PHONY).
#  Implicit rule search has not been done.
#  File does not exist.
#  File has not been updated.
#  commands to execute (from `Makefile', line 234):
	rm -rf bin
	

pull-licenses:
#  Phony target (prerequisite of .PHONY).
#  Implicit rule search has not been done.
#  File does not exist.
#  File has not been updated.
#  commands to execute (from `Makefile', line 136):
	mkdir -p licenses
	

fmt:
#  Phony target (prerequisite of .PHONY).
#  Implicit rule search has not been done.
#  File does not exist.
#  File has not been updated.
#  commands to execute (from `Makefile', line 215):
	gofmt -s -w .
	

lint:
#  Phony target (prerequisite of .PHONY).
#  Implicit rule search has not been done.
#  File does not exist.
#  File has not been updated.
#  commands to execute (from `Makefile', line 219):
	GOBIN=$(LOCALBIN) go install github.com/golangci/golangci-lint/cmd/golangci-lint@$(GOLANG_CI_LINT_VERSION)
	$(LOCALBIN)/golangci-lint run
	

samples-invalid: samples-clean
#  Phony target (prerequisite of .PHONY).
#  Implicit rule search has not been done.
#  File does not exist.
#  File has not been updated.
#  commands to execute (from `Makefile', line 271):
	kubectl apply -f config/samples/invalid.yaml
	

deploy: manifests patch-gen
#  Phony target (prerequisite of .PHONY).
#  Implicit rule search has not been done.
#  File does not exist.
 
#  File has not been updated.
#  commands to execute (from `Makefile', line 255):
	kustomize build config/default | kubectl apply -f -
	

controller-gen: /Users/i566483/Documents/api-gateway/bin/controller-gen
#  Phony target (prerequisite of .PHONY).
#  Implicit rule search has not been done.
#  File does not exist.
#  File has been updated.
#  Successfully updated.

/Users/i566483/Documents/api-gateway/bin/setup-envtest: /Users/i566483/Documents/api-gateway/bin
#  Implicit rule search has not been done.
#  Modification time never checked.
#  File has not been updated.
#  commands to execute (from `Makefile', line 199):
	GOBIN=$(LOCALBIN) go install sigs.k8s.io/controller-runtime/tools/setup-envtest@latest
	

docker-push:
#  Phony target (prerequisite of .PHONY).
#  Implicit rule search has not been done.
#  File does not exist.
#  File has not been updated.
#  commands to execute (from `Makefile', line 121):
	docker tag $(APP_NAME) $(IMG):$(TAG)
	docker push $(IMG):$(TAG)
	@echo "Image signing skipped"
	

client-gen:
#  Phony target (prerequisite of .PHONY).
#  Implicit rule search has not been done.
#  File does not exist.
#  File has not been updated.
#  commands to execute (from `Makefile', line 203):
	GOBIN=$(LOCALBIN) go install k8s.io/code-generator/cmd/client-gen@v0.23.4
	

deploy-dev: manifests patch-gen
#  Implicit rule search has not been done.
#  Modification time never checked.
#  File has not been updated.
#  commands to execute (from `Makefile', line 158):
	kustomize build config/development | kubectl apply -f -
	

install: manifests
#  Phony target (prerequisite of .PHONY).
#  Implicit rule search has not been done.
#  File does not exist.
#  File has not been updated.
#  commands to execute (from `Makefile', line 147):
	kustomize build config/crd | kubectl apply -f -
	@if ! kubectl get crd virtualservices.networking.istio.io > /dev/null 2>&1 ; then kubectl apply -f hack/networking.istio.io_virtualservice.yaml; fi;
	@if ! kubectl get crd rules.oathkeeper.ory.sh > /dev/null 2>&1 ; then kubectl apply -f hack/oathkeeper.ory.sh_rules.yaml; fi;
	

# files hash-table stats:
# Load=43/1024=4%, Rehash=0, Collisions=4/158=3%
# VPATH Search Paths

# No `vpath' search paths.

# No general (`VPATH' variable) search path.

# # of strings in strcache: 1
# # of strcache buffers: 1
# strcache size: total = 4096 / max = 4096 / min = 4096 / avg = 4096
# strcache free: total = 4087 / max = 4087 / min = 4087 / avg = 4087

# Finished Make data base on Mon Aug  1 11:30:31 2022

 
